<?xml version="1.0" encoding="UTF-8"?>
<!-- Generated by org.testng.reporters.JUnitXMLReporter -->
<testsuite hostname="DESKTOP-32VMDLN" ignored="0" name="Test2" tests="1" failures="1" timestamp="2020-05-29T16:18:12 IST" time="51.362" errors="0">
  <testcase name="testCreateProject_TC002" time="33.644" classname="com.Satnam_Project_scripts.createProject_TC002">
    <failure type="org.openqa.selenium.NoSuchElementException" message="Cannot locate element with text: pp24mmm51
For documentation on this error, please visit: https://www.seleniumhq.org/exceptions/no_such_element.html
Build info: version: &amp;apos;3.141.59&amp;apos;, revision: &amp;apos;e82be7d358&amp;apos;, time: &amp;apos;2018-11-14T08:17:03&amp;apos;
System info: host: &amp;apos;DESKTOP-32VMDLN&amp;apos;, ip: &amp;apos;192.168.129.1&amp;apos;, os.name: &amp;apos;Windows 10&amp;apos;, os.arch: &amp;apos;amd64&amp;apos;, os.version: &amp;apos;10.0&amp;apos;, java.version: &amp;apos;1.8.0_241&amp;apos;
Driver info: driver.version: unknown">
      <![CDATA[org.openqa.selenium.NoSuchElementException: Cannot locate element with text: pp24mmm51
For documentation on this error, please visit: https://www.seleniumhq.org/exceptions/no_such_element.html
Build info: version: '3.141.59', revision: 'e82be7d358', time: '2018-11-14T08:17:03'
System info: host: 'DESKTOP-32VMDLN', ip: '192.168.129.1', os.name: 'Windows 10', os.arch: 'amd64', os.version: '10.0', java.version: '1.8.0_241'
Driver info: driver.version: unknown
at org.openqa.selenium.support.ui.Select.selectByVisibleText(Select.java:147)
at com.Satnam_webpages.addNewProjectPage.selectCustomerNameDropdown(addNewProjectPage.java:29)
at com.Satnam_Project_scripts.createProject_TC002.testCreateProject_TC002(createProject_TC002.java:29)
at java.util.ArrayList.forEach(Unknown Source)
... Removed 31 stack frames]]>
    </failure>
  </testcase> <!-- testCreateProject_TC002 -->
</testsuite> <!-- Test2 -->
